{"level":"INFO","message":"[4:15:01.186 PM]: Creating new connection object"}
{"level":"INFO","message":"[4:15:01.214 PM]: Creating Connection[id: 87b245f2-2ef1-43b0-90b7-01e37661badf] with host: LD82662.snowflakecomputing.com, account: LD82662, accessUrl: https://LD82662.snowflakecomputing.com, user: h358wang, role: undefined, database: INTERVIEW_PREP, schema: INTERVIEW_DATA, warehouse: COMPUTE_WH, proxy was not configured, password is provided, region: undefined, authenticator: SNOWFLAKE, ocsp mode: FAIL_OPEN, os: darwin, os version: 24.3.0"}
{"level":"INFO","message":"[4:15:01.215 PM]: Connection[id: 87b245f2-2ef1-43b0-90b7-01e37661badf] additional details: passcode in password is provided, passcode is not provided, private key is not provided, application: undefined, client name: snowflake-sdk, client version: 2.3.0, retry timeout: 300, private key path: undefined, private key pass is not provided, client store temporary credential: false, browser response timeout: 120000"}
{"level":"INFO","message":"[4:15:01.215 PM]: Connection[id: 87b245f2-2ef1-43b0-90b7-01e37661badf] - connection object created successfully."}
{"level":"INFO","message":"[4:15:01.216 PM]: Connection[id: 87b245f2-2ef1-43b0-90b7-01e37661badf] - connecting. Associated Snowflake domain: GLOBAL"}
{"level":"INFO","message":"[4:15:01.217 PM]: Connection[id: 87b245f2-2ef1-43b0-90b7-01e37661badf] - authentication successful using: SNOWFLAKE"}
{"level":"INFO","message":"[4:15:01.217 PM]: Trying to initialize Easy Logging"}
{"level":"INFO","message":"[4:15:01.218 PM]: No client config detected."}
{"level":"INFO","message":"[4:15:01.218 PM]: No config file path found. Client config will not be used."}
{"level":"INFO","message":"[4:15:01.219 PM]: Easy Logging is disabled as no config has been found"}
{"level":"INFO","message":"[4:15:01.222 PM]: Connection[id: 87b245f2-2ef1-43b0-90b7-01e37661badf] - connected successfully after 5.87 milliseconds"}
{"level":"INFO","message":"[4:17:45.399 PM]: Connection[id: 87b245f2-2ef1-43b0-90b7-01e37661badf] - connecting. Associated Snowflake domain: GLOBAL"}
{"level":"INFO","message":"[4:17:45.401 PM]: Connection[id: 87b245f2-2ef1-43b0-90b7-01e37661badf] - authentication successful using: SNOWFLAKE"}
{"level":"INFO","message":"[4:17:45.401 PM]: Connection[id: 87b245f2-2ef1-43b0-90b7-01e37661badf] - connected successfully after 1.97 milliseconds"}
{"level":"INFO","message":"[7:22:26.215 PM]: Creating new connection object"}
{"level":"INFO","message":"[7:22:26.283 PM]: Creating Connection[id: 76292b30-8a58-42d1-b932-951c94baec8a] with host: LD82662.snowflakecomputing.com, account: LD82662, accessUrl: https://LD82662.snowflakecomputing.com, user: h358wang, role: undefined, database: INTERVIEW_PREP, schema: INTERVIEW_DATA, warehouse: COMPUTE_WH, proxy was not configured, password is provided, region: undefined, authenticator: SNOWFLAKE, ocsp mode: FAIL_OPEN, os: win32, os version: 10.0.26100"}
{"level":"INFO","message":"[7:22:26.286 PM]: Connection[id: 76292b30-8a58-42d1-b932-951c94baec8a] additional details: passcode in password is provided, passcode is not provided, private key is not provided, application: undefined, client name: snowflake-sdk, client version: 2.3.0, retry timeout: 300, private key path: undefined, private key pass is not provided, client store temporary credential: false, browser response timeout: 120000"}
{"level":"INFO","message":"[7:22:26.287 PM]: Connection[id: 76292b30-8a58-42d1-b932-951c94baec8a] - connection object created successfully."}
{"level":"INFO","message":"[7:22:26.289 PM]: Connection[id: 76292b30-8a58-42d1-b932-951c94baec8a] - connecting. Associated Snowflake domain: GLOBAL"}
{"level":"INFO","message":"[7:22:26.293 PM]: Connection[id: 76292b30-8a58-42d1-b932-951c94baec8a] - authentication successful using: SNOWFLAKE"}
{"level":"INFO","message":"[7:22:26.296 PM]: Trying to initialize Easy Logging"}
{"level":"INFO","message":"[7:22:26.308 PM]: No client config detected."}
{"level":"INFO","message":"[7:22:26.309 PM]: No config file path found. Client config will not be used."}
{"level":"INFO","message":"[7:22:26.311 PM]: Easy Logging is disabled as no config has been found"}
{"level":"INFO","message":"[7:22:26.329 PM]: Connection[id: 76292b30-8a58-42d1-b932-951c94baec8a] - connected successfully after 39.64 milliseconds"}
{"level":"INFO","message":"[7:42:25.409 PM]: Connection[id: 76292b30-8a58-42d1-b932-951c94baec8a] - connecting. Associated Snowflake domain: GLOBAL"}
{"level":"INFO","message":"[7:42:25.412 PM]: Connection[id: 76292b30-8a58-42d1-b932-951c94baec8a] - authentication successful using: SNOWFLAKE"}
{"level":"INFO","message":"[7:42:25.415 PM]: Connection[id: 76292b30-8a58-42d1-b932-951c94baec8a] - connected successfully after 4.92 milliseconds"}
{"level":"INFO","message":"[7:47:26.798 PM]: Connection[id: 76292b30-8a58-42d1-b932-951c94baec8a] - connecting. Associated Snowflake domain: GLOBAL"}
{"level":"INFO","message":"[7:47:26.800 PM]: Connection[id: 76292b30-8a58-42d1-b932-951c94baec8a] - authentication successful using: SNOWFLAKE"}
{"level":"INFO","message":"[7:47:26.802 PM]: Connection[id: 76292b30-8a58-42d1-b932-951c94baec8a] - connected successfully after 4.04 milliseconds"}
{"level":"INFO","message":"[8:09:04.448 PM]: Connection[id: 76292b30-8a58-42d1-b932-951c94baec8a] - connecting. Associated Snowflake domain: GLOBAL"}
{"level":"INFO","message":"[8:09:04.450 PM]: Connection[id: 76292b30-8a58-42d1-b932-951c94baec8a] - authentication successful using: SNOWFLAKE"}
{"level":"INFO","message":"[8:09:04.452 PM]: Connection[id: 76292b30-8a58-42d1-b932-951c94baec8a] - connected successfully after 4.74 milliseconds"}
